<?xml version="1.0" encoding="UTF-8"?>
<!-- Generated by org.testng.reporters.JUnitReportReporter -->
<testsuite hostname="LTIN458543" failures="0" tests="1" name="testCases.TC_002_ListWithInvalidDataAndRetriveErrorMsg" time="8.806" errors="0" timestamp="2024-10-03T01:37:23 IST" skipped="0">
  <testcase classname="testCases.TC_002_ListWithInvalidDataAndRetriveErrorMsg" name="errorMsgForInvalidData" time="8.806"/>
  <system-out/>
</testsuite> <!-- testCases.TC_002_ListWithInvalidDataAndRetriveErrorMsg -->
